Starting ChromeDriver 115.0.5790.170 (cc0d30c2ca5577520c8646671513241faa0bc105-refs/branch-heads/5790@{#1923}) on port 38004
Only local connections are allowed.
Please see https://chromedriver.chromium.org/security-considerations for suggestions on keeping ChromeDriver safe.
ChromeDriver was started successfully.
[1694501932.988][WARNING]: This version of ChromeDriver has not been tested with Chrome version 116.
Sep 12, 2023 7:58:54 AM org.openqa.selenium.remote.ProtocolHandshake createSession
INFO: Detected dialect: W3C
java.io.IOException: The filename, directory name, or volume label syntax is incorrect
	at java.base/java.io.WinNTFileSystem.canonicalize0(Native Method)
	at java.base/java.io.WinNTFileSystem.canonicalize(WinNTFileSystem.java:462)
	at java.base/java.io.File.getCanonicalPath(File.java:626)
	at org.apache.commons.io.FileUtils.copyFile(FileUtils.java:1064)
	at com.cognizant.framework.selenium.SeleniumReport.takeScreenshot(SeleniumReport.java:96)
	at com.cognizant.framework.Report.handleStepInvolvingScreenshot(Report.java:462)
	at com.cognizant.framework.Report.updateTestLog(Report.java:349)
	at com.cognizant.framework.VMOReusableLibrary.craftFluentWait(VMOReusableLibrary.java:84)
	at com.cognizant.framework.VMOReusableLibrary.waitScrollAndClickJs(VMOReusableLibrary.java:738)
	at pages.EcomAdftPage.eligibiltyCheckEcom(EcomAdftPage.java:569)
	at businesscomponents.EcomAdftComponent.eligibiltyCheckEcom(EcomAdftComponent.java:55)
	at java.base/jdk.internal.reflect.NativeMethodAccessorImpl.invoke0(Native Method)
	at java.base/jdk.internal.reflect.NativeMethodAccessorImpl.invoke(NativeMethodAccessorImpl.java:77)
	at java.base/jdk.internal.reflect.DelegatingMethodAccessorImpl.invoke(DelegatingMethodAccessorImpl.java:43)
	at java.base/java.lang.reflect.Method.invoke(Method.java:568)
	at com.cognizant.craft.DriverScript.invokeBusinessComponent(DriverScript.java:840)
	at com.cognizant.craft.DriverScript.executeTestcase(DriverScript.java:785)
	at com.cognizant.craft.DriverScript.executeCRAFTTestIterations(DriverScript.java:740)
	at com.cognizant.craft.DriverScript.executeCraft(DriverScript.java:203)
	at com.cognizant.craft.DriverScript.executeCraftOrCraftLite(DriverScript.java:185)
	at com.cognizant.craft.DriverScript.driveTestExecution(DriverScript.java:177)
	at allocator.ParallelRunner.run(ParallelRunner.java:53)
	at java.base/java.util.concurrent.ThreadPoolExecutor.runWorker(ThreadPoolExecutor.java:1136)
	at java.base/java.util.concurrent.ThreadPoolExecutor$Worker.run(ThreadPoolExecutor.java:635)
	at java.base/java.lang.Thread.run(Thread.java:833)
java.io.IOException: Cannot create a file when that file already exists
	at java.base/java.io.WinNTFileSystem.canonicalize0(Native Method)
	at java.base/java.io.WinNTFileSystem.canonicalize(WinNTFileSystem.java:462)
	at java.base/java.io.File.getCanonicalPath(File.java:626)
	at org.apache.commons.io.FileUtils.copyFile(FileUtils.java:1064)
	at com.cognizant.framework.selenium.SeleniumReport.takeScreenshot(SeleniumReport.java:96)
	at com.cognizant.framework.Report.handleStepInvolvingScreenshot(Report.java:462)
	at com.cognizant.framework.Report.updateTestLog(Report.java:349)
	at com.cognizant.framework.VMOReusableLibrary.craftFluentWait(VMOReusableLibrary.java:84)
	at com.cognizant.framework.VMOReusableLibrary.waitScrollAndClickJs(VMOReusableLibrary.java:738)
	at pages.EcomAdftPage.checkoutOrderEcom(EcomAdftPage.java:666)
	at businesscomponents.EcomAdftComponent.checkoutOrderEcom(EcomAdftComponent.java:65)
	at java.base/jdk.internal.reflect.NativeMethodAccessorImpl.invoke0(Native Method)
	at java.base/jdk.internal.reflect.NativeMethodAccessorImpl.invoke(NativeMethodAccessorImpl.java:77)
	at java.base/jdk.internal.reflect.DelegatingMethodAccessorImpl.invoke(DelegatingMethodAccessorImpl.java:43)
	at java.base/java.lang.reflect.Method.invoke(Method.java:568)
	at com.cognizant.craft.DriverScript.invokeBusinessComponent(DriverScript.java:840)
	at com.cognizant.craft.DriverScript.executeTestcase(DriverScript.java:785)
	at com.cognizant.craft.DriverScript.executeCRAFTTestIterations(DriverScript.java:740)
	at com.cognizant.craft.DriverScript.executeCraft(DriverScript.java:203)
	at com.cognizant.craft.DriverScript.executeCraftOrCraftLite(DriverScript.java:185)
	at com.cognizant.craft.DriverScript.driveTestExecution(DriverScript.java:177)
	at allocator.ParallelRunner.run(ParallelRunner.java:53)
	at java.base/java.util.concurrent.ThreadPoolExecutor.runWorker(ThreadPoolExecutor.java:1136)
	at java.base/java.util.concurrent.ThreadPoolExecutor$Worker.run(ThreadPoolExecutor.java:635)
	at java.base/java.lang.Thread.run(Thread.java:833)
com.cognizant.framework.FrameworkException: Error while writing screenshot to file
	at com.cognizant.framework.selenium.SeleniumReport.takeScreenshot(SeleniumReport.java:99)
	at com.cognizant.framework.Report.handleStepInvolvingScreenshot(Report.java:462)
	at com.cognizant.framework.Report.updateTestLog(Report.java:349)
	at com.cognizant.framework.VMOReusableLibrary.craftFluentWait(VMOReusableLibrary.java:84)
	at com.cognizant.framework.VMOReusableLibrary.waitScrollAndClickJs(VMOReusableLibrary.java:738)
	at pages.EcomAdftPage.checkoutOrderEcom(EcomAdftPage.java:666)
	at businesscomponents.EcomAdftComponent.checkoutOrderEcom(EcomAdftComponent.java:65)
	at java.base/jdk.internal.reflect.NativeMethodAccessorImpl.invoke0(Native Method)
	at java.base/jdk.internal.reflect.NativeMethodAccessorImpl.invoke(NativeMethodAccessorImpl.java:77)
	at java.base/jdk.internal.reflect.DelegatingMethodAccessorImpl.invoke(DelegatingMethodAccessorImpl.java:43)
	at java.base/java.lang.reflect.Method.invoke(Method.java:568)
	at com.cognizant.craft.DriverScript.invokeBusinessComponent(DriverScript.java:840)
	at com.cognizant.craft.DriverScript.executeTestcase(DriverScript.java:785)
	at com.cognizant.craft.DriverScript.executeCRAFTTestIterations(DriverScript.java:740)
	at com.cognizant.craft.DriverScript.executeCraft(DriverScript.java:203)
	at com.cognizant.craft.DriverScript.executeCraftOrCraftLite(DriverScript.java:185)
	at com.cognizant.craft.DriverScript.driveTestExecution(DriverScript.java:177)
	at allocator.ParallelRunner.run(ParallelRunner.java:53)
	at java.base/java.util.concurrent.ThreadPoolExecutor.runWorker(ThreadPoolExecutor.java:1136)
	at java.base/java.util.concurrent.ThreadPoolExecutor$Worker.run(ThreadPoolExecutor.java:635)
	at java.base/java.lang.Thread.run(Thread.java:833)
java.io.IOException: The filename, directory name, or volume label syntax is incorrect
	at java.base/java.io.WinNTFileSystem.canonicalize0(Native Method)
	at java.base/java.io.WinNTFileSystem.canonicalize(WinNTFileSystem.java:462)
	at java.base/java.io.File.getCanonicalPath(File.java:626)
	at org.apache.commons.io.FileUtils.copyFile(FileUtils.java:1064)
	at com.cognizant.framework.selenium.SeleniumReport.takeScreenshot(SeleniumReport.java:96)
	at com.cognizant.framework.Report.handleStepInvolvingScreenshot(Report.java:462)
	at com.cognizant.framework.Report.updateTestLog(Report.java:349)
	at com.cognizant.framework.VMOReusableLibrary.craftFluentWait(VMOReusableLibrary.java:84)
	at com.cognizant.framework.VMOReusableLibrary.waitScrollAndClickJs(VMOReusableLibrary.java:738)
	at pages.EcomAdftPage.checkoutOrderEcom(EcomAdftPage.java:722)
	at businesscomponents.EcomAdftComponent.checkoutOrderEcom(EcomAdftComponent.java:65)
	at java.base/jdk.internal.reflect.NativeMethodAccessorImpl.invoke0(Native Method)
	at java.base/jdk.internal.reflect.NativeMethodAccessorImpl.invoke(NativeMethodAccessorImpl.java:77)
	at java.base/jdk.internal.reflect.DelegatingMethodAccessorImpl.invoke(DelegatingMethodAccessorImpl.java:43)
	at java.base/java.lang.reflect.Method.invoke(Method.java:568)
	at com.cognizant.craft.DriverScript.invokeBusinessComponent(DriverScript.java:840)
	at com.cognizant.craft.DriverScript.executeTestcase(DriverScript.java:785)
	at com.cognizant.craft.DriverScript.executeCRAFTTestIterations(DriverScript.java:740)
	at com.cognizant.craft.DriverScript.executeCraft(DriverScript.java:203)
	at com.cognizant.craft.DriverScript.executeCraftOrCraftLite(DriverScript.java:185)
	at com.cognizant.craft.DriverScript.driveTestExecution(DriverScript.java:177)
	at allocator.ParallelRunner.run(ParallelRunner.java:53)
	at java.base/java.util.concurrent.ThreadPoolExecutor.runWorker(ThreadPoolExecutor.java:1136)
	at java.base/java.util.concurrent.ThreadPoolExecutor$Worker.run(ThreadPoolExecutor.java:635)
	at java.base/java.lang.Thread.run(Thread.java:833)
org.openqa.selenium.NoSuchWindowException: no such window: target window already closed
from unknown error: web view not found
  (Session info: chrome=116.0.5845.180)
Build info: version: '3.12.0', revision: '7c6e0b3', time: '2018-05-08T14:04:26.12Z'
System info: host: 'TPOCOGNTASST030', ip: '10.173.171.244', os.name: 'Windows 10', os.arch: 'amd64', os.version: '10.0', java.version: '17.0.7'
Driver info: org.openqa.selenium.chrome.ChromeDriver
Capabilities {acceptInsecureCerts: true, browserName: chrome, browserVersion: 116.0.5845.180, chrome: {chromedriverVersion: 115.0.5790.170 (cc0d30c2ca5..., userDataDir: C:\Users\tarunvr\AppData\Lo...}, goog:chromeOptions: {debuggerAddress: localhost:50487}, javascriptEnabled: true, networkConnectionEnabled: false, pageLoadStrategy: normal, platform: WINDOWS, platformName: WINDOWS, proxy: Proxy(), setWindowRect: true, strictFileInteractability: false, timeouts: {implicit: 0, pageLoad: 300000, script: 30000}, unhandledPromptBehavior: dismiss and notify, webauthn:extension:credBlob: true, webauthn:extension:largeBlob: true, webauthn:extension:minPinLength: true, webauthn:extension:prf: true, webauthn:virtualAuthenticators: true}
Session ID: cdd4f7229039d0c017f4564212328af4
	at java.base/jdk.internal.reflect.NativeConstructorAccessorImpl.newInstance0(Native Method)
	at java.base/jdk.internal.reflect.NativeConstructorAccessorImpl.newInstance(NativeConstructorAccessorImpl.java:77)
	at java.base/jdk.internal.reflect.DelegatingConstructorAccessorImpl.newInstance(DelegatingConstructorAccessorImpl.java:45)
	at java.base/java.lang.reflect.Constructor.newInstanceWithCaller(Constructor.java:499)
	at java.base/java.lang.reflect.Constructor.newInstance(Constructor.java:480)
	at org.openqa.selenium.remote.http.W3CHttpResponseCodec.createException(W3CHttpResponseCodec.java:187)
	at org.openqa.selenium.remote.http.W3CHttpResponseCodec.decode(W3CHttpResponseCodec.java:122)
	at org.openqa.selenium.remote.http.W3CHttpResponseCodec.decode(W3CHttpResponseCodec.java:49)
	at org.openqa.selenium.remote.HttpCommandExecutor.execute(HttpCommandExecutor.java:158)
	at org.openqa.selenium.remote.service.DriverCommandExecutor.execute(DriverCommandExecutor.java:83)
	at org.openqa.selenium.remote.RemoteWebDriver.execute(RemoteWebDriver.java:543)
	at org.openqa.selenium.remote.RemoteWebDriver.execute(RemoteWebDriver.java:600)
	at org.openqa.selenium.remote.RemoteWebDriver.getScreenshotAs(RemoteWebDriver.java:289)
	at com.cognizant.framework.selenium.SeleniumReport.takeScreenshot(SeleniumReport.java:83)
	at com.cognizant.framework.Report.handleStepInvolvingScreenshot(Report.java:462)
	at com.cognizant.framework.Report.updateTestLog(Report.java:349)
	at com.cognizant.framework.VMOReusableLibrary.craftFluentWait(VMOReusableLibrary.java:84)
	at com.cognizant.framework.VMOReusableLibrary.waitScrollAndClickJs(VMOReusableLibrary.java:738)
	at pages.EcomAdftPage.checkoutOrderEcom(EcomAdftPage.java:724)
	at businesscomponents.EcomAdftComponent.checkoutOrderEcom(EcomAdftComponent.java:65)
	at java.base/jdk.internal.reflect.NativeMethodAccessorImpl.invoke0(Native Method)
	at java.base/jdk.internal.reflect.NativeMethodAccessorImpl.invoke(NativeMethodAccessorImpl.java:77)
	at java.base/jdk.internal.reflect.DelegatingMethodAccessorImpl.invoke(DelegatingMethodAccessorImpl.java:43)
	at java.base/java.lang.reflect.Method.invoke(Method.java:568)
	at com.cognizant.craft.DriverScript.invokeBusinessComponent(DriverScript.java:840)
	at com.cognizant.craft.DriverScript.executeTestcase(DriverScript.java:785)
	at com.cognizant.craft.DriverScript.executeCRAFTTestIterations(DriverScript.java:740)
	at com.cognizant.craft.DriverScript.executeCraft(DriverScript.java:203)
	at com.cognizant.craft.DriverScript.executeCraftOrCraftLite(DriverScript.java:185)
	at com.cognizant.craft.DriverScript.driveTestExecution(DriverScript.java:177)
	at allocator.ParallelRunner.run(ParallelRunner.java:53)
	at java.base/java.util.concurrent.ThreadPoolExecutor.runWorker(ThreadPoolExecutor.java:1136)
	at java.base/java.util.concurrent.ThreadPoolExecutor$Worker.run(ThreadPoolExecutor.java:635)
	at java.base/java.lang.Thread.run(Thread.java:833)
org.openqa.selenium.NoSuchWindowException: no such window: target window already closed
from unknown error: web view not found
  (Session info: chrome=116.0.5845.180)
Build info: version: '3.12.0', revision: '7c6e0b3', time: '2018-05-08T14:04:26.12Z'
System info: host: 'TPOCOGNTASST030', ip: '10.173.171.244', os.name: 'Windows 10', os.arch: 'amd64', os.version: '10.0', java.version: '17.0.7'
Driver info: org.openqa.selenium.chrome.ChromeDriver
Capabilities {acceptInsecureCerts: true, browserName: chrome, browserVersion: 116.0.5845.180, chrome: {chromedriverVersion: 115.0.5790.170 (cc0d30c2ca5..., userDataDir: C:\Users\tarunvr\AppData\Lo...}, goog:chromeOptions: {debuggerAddress: localhost:50487}, javascriptEnabled: true, networkConnectionEnabled: false, pageLoadStrategy: normal, platform: WINDOWS, platformName: WINDOWS, proxy: Proxy(), setWindowRect: true, strictFileInteractability: false, timeouts: {implicit: 0, pageLoad: 300000, script: 30000}, unhandledPromptBehavior: dismiss and notify, webauthn:extension:credBlob: true, webauthn:extension:largeBlob: true, webauthn:extension:minPinLength: true, webauthn:extension:prf: true, webauthn:virtualAuthenticators: true}
Session ID: cdd4f7229039d0c017f4564212328af4
	at java.base/jdk.internal.reflect.NativeConstructorAccessorImpl.newInstance0(Native Method)
	at java.base/jdk.internal.reflect.NativeConstructorAccessorImpl.newInstance(NativeConstructorAccessorImpl.java:77)
	at java.base/jdk.internal.reflect.DelegatingConstructorAccessorImpl.newInstance(DelegatingConstructorAccessorImpl.java:45)
	at java.base/java.lang.reflect.Constructor.newInstanceWithCaller(Constructor.java:499)
	at java.base/java.lang.reflect.Constructor.newInstance(Constructor.java:480)
	at org.openqa.selenium.remote.http.W3CHttpResponseCodec.createException(W3CHttpResponseCodec.java:187)
	at org.openqa.selenium.remote.http.W3CHttpResponseCodec.decode(W3CHttpResponseCodec.java:122)
	at org.openqa.selenium.remote.http.W3CHttpResponseCodec.decode(W3CHttpResponseCodec.java:49)
	at org.openqa.selenium.remote.HttpCommandExecutor.execute(HttpCommandExecutor.java:158)
	at org.openqa.selenium.remote.service.DriverCommandExecutor.execute(DriverCommandExecutor.java:83)
	at org.openqa.selenium.remote.RemoteWebDriver.execute(RemoteWebDriver.java:543)
	at org.openqa.selenium.remote.RemoteWebDriver.execute(RemoteWebDriver.java:600)
	at org.openqa.selenium.remote.RemoteWebDriver.getScreenshotAs(RemoteWebDriver.java:289)
	at com.cognizant.framework.selenium.SeleniumReport.takeScreenshot(SeleniumReport.java:83)
	at com.cognizant.framework.Report.handleStepInvolvingScreenshot(Report.java:462)
	at com.cognizant.framework.Report.updateTestLog(Report.java:349)
	at com.cognizant.craft.DriverScript.exceptionHandler(DriverScript.java:864)
	at com.cognizant.craft.DriverScript.executeCRAFTTestIterations(DriverScript.java:744)
	at com.cognizant.craft.DriverScript.executeCraft(DriverScript.java:203)
	at com.cognizant.craft.DriverScript.executeCraftOrCraftLite(DriverScript.java:185)
	at com.cognizant.craft.DriverScript.driveTestExecution(DriverScript.java:177)
	at allocator.ParallelRunner.run(ParallelRunner.java:53)
	at java.base/java.util.concurrent.ThreadPoolExecutor.runWorker(ThreadPoolExecutor.java:1136)
	at java.base/java.util.concurrent.ThreadPoolExecutor$Worker.run(ThreadPoolExecutor.java:635)
	at java.base/java.lang.Thread.run(Thread.java:833)
Starting ChromeDriver 115.0.5790.170 (cc0d30c2ca5577520c8646671513241faa0bc105-refs/branch-heads/5790@{#1923}) on port 44016
Only local connections are allowed.
Please see https://chromedriver.chromium.org/security-considerations for suggestions on keeping ChromeDriver safe.
ChromeDriver was started successfully.
[1694502287.033][WARNING]: This version of ChromeDriver has not been tested with Chrome version 116.
Sep 12, 2023 8:04:48 AM org.openqa.selenium.remote.ProtocolHandshake createSession
INFO: Detected dialect: W3C
org.openqa.selenium.NoSuchWindowException: no such window: target window already closed
from unknown error: web view not found
  (Session info: chrome=116.0.5845.180)
Build info: version: '3.12.0', revision: '7c6e0b3', time: '2018-05-08T14:04:26.12Z'
System info: host: 'TPOCOGNTASST030', ip: '10.173.171.244', os.name: 'Windows 10', os.arch: 'amd64', os.version: '10.0', java.version: '17.0.7'
Driver info: org.openqa.selenium.chrome.ChromeDriver
Capabilities {acceptInsecureCerts: true, browserName: chrome, browserVersion: 116.0.5845.180, chrome: {chromedriverVersion: 115.0.5790.170 (cc0d30c2ca5..., userDataDir: C:\Users\tarunvr\AppData\Lo...}, goog:chromeOptions: {debuggerAddress: localhost:52036}, javascriptEnabled: true, networkConnectionEnabled: false, pageLoadStrategy: normal, platform: WINDOWS, platformName: WINDOWS, proxy: Proxy(), setWindowRect: true, strictFileInteractability: false, timeouts: {implicit: 0, pageLoad: 300000, script: 30000}, unhandledPromptBehavior: dismiss and notify, webauthn:extension:credBlob: true, webauthn:extension:largeBlob: true, webauthn:extension:minPinLength: true, webauthn:extension:prf: true, webauthn:virtualAuthenticators: true}
Session ID: dc8dfdcc717989daade9fef31cadc4b2
	at java.base/jdk.internal.reflect.NativeConstructorAccessorImpl.newInstance0(Native Method)
	at java.base/jdk.internal.reflect.NativeConstructorAccessorImpl.newInstance(NativeConstructorAccessorImpl.java:77)
	at java.base/jdk.internal.reflect.DelegatingConstructorAccessorImpl.newInstance(DelegatingConstructorAccessorImpl.java:45)
	at java.base/java.lang.reflect.Constructor.newInstanceWithCaller(Constructor.java:499)
	at java.base/java.lang.reflect.Constructor.newInstance(Constructor.java:480)
	at org.openqa.selenium.remote.http.W3CHttpResponseCodec.createException(W3CHttpResponseCodec.java:187)
	at org.openqa.selenium.remote.http.W3CHttpResponseCodec.decode(W3CHttpResponseCodec.java:122)
	at org.openqa.selenium.remote.http.W3CHttpResponseCodec.decode(W3CHttpResponseCodec.java:49)
	at org.openqa.selenium.remote.HttpCommandExecutor.execute(HttpCommandExecutor.java:158)
	at org.openqa.selenium.remote.service.DriverCommandExecutor.execute(DriverCommandExecutor.java:83)
	at org.openqa.selenium.remote.RemoteWebDriver.execute(RemoteWebDriver.java:543)
	at org.openqa.selenium.remote.RemoteWebDriver.execute(RemoteWebDriver.java:600)
	at org.openqa.selenium.remote.RemoteWebDriver.getScreenshotAs(RemoteWebDriver.java:289)
	at com.cognizant.framework.selenium.SeleniumReport.takeScreenshot(SeleniumReport.java:83)
	at com.cognizant.framework.Report.handleStepInvolvingScreenshot(Report.java:462)
	at com.cognizant.framework.Report.updateTestLog(Report.java:349)
	at com.cognizant.framework.VMOReusableLibrary.click(VMOReusableLibrary.java:155)
	at pages.EposAdftPage.selectDeviceEpos(EposAdftPage.java:204)
	at businesscomponents.EposAdftComponent.selectDeviceEpos(EposAdftComponent.java:25)
	at java.base/jdk.internal.reflect.NativeMethodAccessorImpl.invoke0(Native Method)
	at java.base/jdk.internal.reflect.NativeMethodAccessorImpl.invoke(NativeMethodAccessorImpl.java:77)
	at java.base/jdk.internal.reflect.DelegatingMethodAccessorImpl.invoke(DelegatingMethodAccessorImpl.java:43)
	at java.base/java.lang.reflect.Method.invoke(Method.java:568)
	at com.cognizant.craft.DriverScript.invokeBusinessComponent(DriverScript.java:840)
	at com.cognizant.craft.DriverScript.executeTestcase(DriverScript.java:785)
	at com.cognizant.craft.DriverScript.executeCRAFTTestIterations(DriverScript.java:740)
	at com.cognizant.craft.DriverScript.executeCraft(DriverScript.java:203)
	at com.cognizant.craft.DriverScript.executeCraftOrCraftLite(DriverScript.java:185)
	at com.cognizant.craft.DriverScript.driveTestExecution(DriverScript.java:177)
	at allocator.ParallelRunner.run(ParallelRunner.java:53)
	at java.base/java.util.concurrent.ThreadPoolExecutor.runWorker(ThreadPoolExecutor.java:1136)
	at java.base/java.util.concurrent.ThreadPoolExecutor$Worker.run(ThreadPoolExecutor.java:635)
	at java.base/java.lang.Thread.run(Thread.java:833)
org.openqa.selenium.NoSuchWindowException: no such window: target window already closed
from unknown error: web view not found
  (Session info: chrome=116.0.5845.180)
Build info: version: '3.12.0', revision: '7c6e0b3', time: '2018-05-08T14:04:26.12Z'
System info: host: 'TPOCOGNTASST030', ip: '10.173.171.244', os.name: 'Windows 10', os.arch: 'amd64', os.version: '10.0', java.version: '17.0.7'
Driver info: org.openqa.selenium.chrome.ChromeDriver
Capabilities {acceptInsecureCerts: true, browserName: chrome, browserVersion: 116.0.5845.180, chrome: {chromedriverVersion: 115.0.5790.170 (cc0d30c2ca5..., userDataDir: C:\Users\tarunvr\AppData\Lo...}, goog:chromeOptions: {debuggerAddress: localhost:52036}, javascriptEnabled: true, networkConnectionEnabled: false, pageLoadStrategy: normal, platform: WINDOWS, platformName: WINDOWS, proxy: Proxy(), setWindowRect: true, strictFileInteractability: false, timeouts: {implicit: 0, pageLoad: 300000, script: 30000}, unhandledPromptBehavior: dismiss and notify, webauthn:extension:credBlob: true, webauthn:extension:largeBlob: true, webauthn:extension:minPinLength: true, webauthn:extension:prf: true, webauthn:virtualAuthenticators: true}
Session ID: dc8dfdcc717989daade9fef31cadc4b2
	at java.base/jdk.internal.reflect.NativeConstructorAccessorImpl.newInstance0(Native Method)
	at java.base/jdk.internal.reflect.NativeConstructorAccessorImpl.newInstance(NativeConstructorAccessorImpl.java:77)
	at java.base/jdk.internal.reflect.DelegatingConstructorAccessorImpl.newInstance(DelegatingConstructorAccessorImpl.java:45)
	at java.base/java.lang.reflect.Constructor.newInstanceWithCaller(Constructor.java:499)
	at java.base/java.lang.reflect.Constructor.newInstance(Constructor.java:480)
	at org.openqa.selenium.remote.http.W3CHttpResponseCodec.createException(W3CHttpResponseCodec.java:187)
	at org.openqa.selenium.remote.http.W3CHttpResponseCodec.decode(W3CHttpResponseCodec.java:122)
	at org.openqa.selenium.remote.http.W3CHttpResponseCodec.decode(W3CHttpResponseCodec.java:49)
	at org.openqa.selenium.remote.HttpCommandExecutor.execute(HttpCommandExecutor.java:158)
	at org.openqa.selenium.remote.service.DriverCommandExecutor.execute(DriverCommandExecutor.java:83)
	at org.openqa.selenium.remote.RemoteWebDriver.execute(RemoteWebDriver.java:543)
	at org.openqa.selenium.remote.RemoteWebDriver.execute(RemoteWebDriver.java:600)
	at org.openqa.selenium.remote.RemoteWebDriver.getScreenshotAs(RemoteWebDriver.java:289)
	at com.cognizant.framework.selenium.SeleniumReport.takeScreenshot(SeleniumReport.java:83)
	at com.cognizant.framework.Report.handleStepInvolvingScreenshot(Report.java:462)
	at com.cognizant.framework.Report.updateTestLog(Report.java:349)
	at com.cognizant.framework.VMOReusableLibrary.click(VMOReusableLibrary.java:172)
	at pages.EposAdftPage.selectDeviceEpos(EposAdftPage.java:204)
	at businesscomponents.EposAdftComponent.selectDeviceEpos(EposAdftComponent.java:25)
	at java.base/jdk.internal.reflect.NativeMethodAccessorImpl.invoke0(Native Method)
	at java.base/jdk.internal.reflect.NativeMethodAccessorImpl.invoke(NativeMethodAccessorImpl.java:77)
	at java.base/jdk.internal.reflect.DelegatingMethodAccessorImpl.invoke(DelegatingMethodAccessorImpl.java:43)
	at java.base/java.lang.reflect.Method.invoke(Method.java:568)
	at com.cognizant.craft.DriverScript.invokeBusinessComponent(DriverScript.java:840)
	at com.cognizant.craft.DriverScript.executeTestcase(DriverScript.java:785)
	at com.cognizant.craft.DriverScript.executeCRAFTTestIterations(DriverScript.java:740)
	at com.cognizant.craft.DriverScript.executeCraft(DriverScript.java:203)
	at com.cognizant.craft.DriverScript.executeCraftOrCraftLite(DriverScript.java:185)
	at com.cognizant.craft.DriverScript.driveTestExecution(DriverScript.java:177)
	at allocator.ParallelRunner.run(ParallelRunner.java:53)
	at java.base/java.util.concurrent.ThreadPoolExecutor.runWorker(ThreadPoolExecutor.java:1136)
	at java.base/java.util.concurrent.ThreadPoolExecutor$Worker.run(ThreadPoolExecutor.java:635)
	at java.base/java.lang.Thread.run(Thread.java:833)
org.openqa.selenium.NoSuchWindowException: no such window: target window already closed
from unknown error: web view not found
  (Session info: chrome=116.0.5845.180)
Build info: version: '3.12.0', revision: '7c6e0b3', time: '2018-05-08T14:04:26.12Z'
System info: host: 'TPOCOGNTASST030', ip: '10.173.171.244', os.name: 'Windows 10', os.arch: 'amd64', os.version: '10.0', java.version: '17.0.7'
Driver info: org.openqa.selenium.chrome.ChromeDriver
Capabilities {acceptInsecureCerts: true, browserName: chrome, browserVersion: 116.0.5845.180, chrome: {chromedriverVersion: 115.0.5790.170 (cc0d30c2ca5..., userDataDir: C:\Users\tarunvr\AppData\Lo...}, goog:chromeOptions: {debuggerAddress: localhost:52036}, javascriptEnabled: true, networkConnectionEnabled: false, pageLoadStrategy: normal, platform: WINDOWS, platformName: WINDOWS, proxy: Proxy(), setWindowRect: true, strictFileInteractability: false, timeouts: {implicit: 0, pageLoad: 300000, script: 30000}, unhandledPromptBehavior: dismiss and notify, webauthn:extension:credBlob: true, webauthn:extension:largeBlob: true, webauthn:extension:minPinLength: true, webauthn:extension:prf: true, webauthn:virtualAuthenticators: true}
Session ID: dc8dfdcc717989daade9fef31cadc4b2
	at java.base/jdk.internal.reflect.NativeConstructorAccessorImpl.newInstance0(Native Method)
	at java.base/jdk.internal.reflect.NativeConstructorAccessorImpl.newInstance(NativeConstructorAccessorImpl.java:77)
	at java.base/jdk.internal.reflect.DelegatingConstructorAccessorImpl.newInstance(DelegatingConstructorAccessorImpl.java:45)
	at java.base/java.lang.reflect.Constructor.newInstanceWithCaller(Constructor.java:499)
	at java.base/java.lang.reflect.Constructor.newInstance(Constructor.java:480)
	at org.openqa.selenium.remote.http.W3CHttpResponseCodec.createException(W3CHttpResponseCodec.java:187)
	at org.openqa.selenium.remote.http.W3CHttpResponseCodec.decode(W3CHttpResponseCodec.java:122)
	at org.openqa.selenium.remote.http.W3CHttpResponseCodec.decode(W3CHttpResponseCodec.java:49)
	at org.openqa.selenium.remote.HttpCommandExecutor.execute(HttpCommandExecutor.java:158)
	at org.openqa.selenium.remote.service.DriverCommandExecutor.execute(DriverCommandExecutor.java:83)
	at org.openqa.selenium.remote.RemoteWebDriver.execute(RemoteWebDriver.java:543)
	at org.openqa.selenium.remote.RemoteWebDriver.execute(RemoteWebDriver.java:600)
	at org.openqa.selenium.remote.RemoteWebDriver.getScreenshotAs(RemoteWebDriver.java:289)
	at com.cognizant.framework.selenium.SeleniumReport.takeScreenshot(SeleniumReport.java:83)
	at com.cognizant.framework.Report.handleStepInvolvingScreenshot(Report.java:462)
	at com.cognizant.framework.Report.updateTestLog(Report.java:349)
	at com.cognizant.craft.DriverScript.exceptionHandler(DriverScript.java:864)
	at com.cognizant.craft.DriverScript.executeCRAFTTestIterations(DriverScript.java:744)
	at com.cognizant.craft.DriverScript.executeCraft(DriverScript.java:203)
	at com.cognizant.craft.DriverScript.executeCraftOrCraftLite(DriverScript.java:185)
	at com.cognizant.craft.DriverScript.driveTestExecution(DriverScript.java:177)
	at allocator.ParallelRunner.run(ParallelRunner.java:53)
	at java.base/java.util.concurrent.ThreadPoolExecutor.runWorker(ThreadPoolExecutor.java:1136)
	at java.base/java.util.concurrent.ThreadPoolExecutor$Worker.run(ThreadPoolExecutor.java:635)
	at java.base/java.lang.Thread.run(Thread.java:833)
Exception in thread "pool-1-thread-2" 